Flow report for arbiter
Wed Oct 02 11:48:47 2019
Quartus II 64-Bit Version 13.0.1 Build 232 06/12/2013 Service Pack 1 SJ Full Version


---------------------
; Table of Contents ;
---------------------
  1. Legal Notice
  2. Flow Summary
  3. Flow Settings
  4. Flow Non-Default Global Settings
  5. Flow Elapsed Time
  6. Flow OS Summary
  7. Flow Log
  8. Flow Messages
  9. Flow Suppressed Messages



----------------
; Legal Notice ;
----------------
Copyright (C) 1991-2013 Altera Corporation
Your use of Altera Corporation's design tools, logic functions 
and other software and tools, and its AMPP partner logic 
functions, and any output files from any of the foregoing 
(including device programming or simulation files), and any 
associated documentation or information are expressly subject 
to the terms and conditions of the Altera Program License 
Subscription Agreement, Altera MegaCore Function License 
Agreement, or other applicable license agreement, including, 
without limitation, that your use is for the sole purpose of 
programming logic devices manufactured by Altera and sold by 
Altera or its authorized distributors.  Please refer to the 
applicable agreement for further details.



+------------------------------------------------------------------------------+
; Flow Summary                                                                 ;
+---------------------------+--------------------------------------------------+
; Flow Status               ; Successful - Wed Oct 02 11:48:47 2019            ;
; Quartus II 64-Bit Version ; 13.0.1 Build 232 06/12/2013 SP 1 SJ Full Version ;
; Revision Name             ; arbiter                                          ;
; Top-level Entity Name     ; arbiter                                          ;
; Family                    ; MAX7000S                                         ;
; Device                    ; EPM7064SLC44-10                                  ;
; Timing Models             ; Final                                            ;
; Total macrocells          ; 4 / 64 ( 6 % )                                   ;
; Total pins                ; 10 / 36 ( 28 % )                                 ;
+---------------------------+--------------------------------------------------+


+-----------------------------------------+
; Flow Settings                           ;
+-------------------+---------------------+
; Option            ; Setting             ;
+-------------------+---------------------+
; Start date & time ; 10/02/2019 11:48:38 ;
; Main task         ; Compilation         ;
; Revision Name     ; arbiter             ;
+-------------------+---------------------+


+------------------------------------------------------------------------------------------------------------------+
; Flow Non-Default Global Settings                                                                                 ;
+---------------------------------+---------------------------------+---------------+-------------+----------------+
; Assignment Name                 ; Value                           ; Default Value ; Entity Name ; Section Id     ;
+---------------------------------+---------------------------------+---------------+-------------+----------------+
; COMPILER_SIGNATURE_ID           ; 273486646899990.157003131808068 ; --            ; --          ; --             ;
; EDA_GENERATE_FUNCTIONAL_NETLIST ; On                              ; --            ; --          ; eda_simulation ;
; EDA_OUTPUT_DATA_FORMAT          ; Verilog Hdl                     ; --            ; --          ; eda_simulation ;
; EDA_SIMULATION_TOOL             ; ModelSim-Altera (Verilog)       ; <None>        ; --          ; --             ;
; MAX_CORE_JUNCTION_TEMP          ; 85                              ; --            ; --          ; --             ;
; MIN_CORE_JUNCTION_TEMP          ; 0                               ; --            ; --          ; --             ;
; PROJECT_OUTPUT_DIRECTORY        ; output_files                    ; --            ; --          ; --             ;
+---------------------------------+---------------------------------+---------------+-------------+----------------+


+-------------------------------------------------------------------------------------------------------------------------------+
; Flow Elapsed Time                                                                                                             ;
+---------------------------+--------------+-------------------------+---------------------+------------------------------------+
; Module Name               ; Elapsed Time ; Average Processors Used ; Peak Virtual Memory ; Total CPU Time (on all processors) ;
+---------------------------+--------------+-------------------------+---------------------+------------------------------------+
; Analysis & Synthesis      ; 00:00:02     ; 1.0                     ; 4582 MB             ; 00:00:01                           ;
; Fitter                    ; 00:00:01     ; 1.0                     ; 4812 MB             ; 00:00:01                           ;
; Assembler                 ; 00:00:01     ; 1.0                     ; 4525 MB             ; 00:00:01                           ;
; TimeQuest Timing Analyzer ; 00:00:01     ; 1.0                     ; 4545 MB             ; 00:00:01                           ;
; EDA Netlist Writer        ; 00:00:01     ; 1.0                     ; 4481 MB             ; 00:00:00                           ;
; Total                     ; 00:00:06     ; --                      ; --                  ; 00:00:04                           ;
+---------------------------+--------------+-------------------------+---------------------+------------------------------------+


+----------------------------------------------------------------------------------------+
; Flow OS Summary                                                                        ;
+---------------------------+------------------+-----------+------------+----------------+
; Module Name               ; Machine Hostname ; OS Name   ; OS Version ; Processor type ;
+---------------------------+------------------+-----------+------------+----------------+
; Analysis & Synthesis      ; SB082-12-51305   ; Windows 7 ; 6.2        ; x86_64         ;
; Fitter                    ; SB082-12-51305   ; Windows 7 ; 6.2        ; x86_64         ;
; Assembler                 ; SB082-12-51305   ; Windows 7 ; 6.2        ; x86_64         ;
; TimeQuest Timing Analyzer ; SB082-12-51305   ; Windows 7 ; 6.2        ; x86_64         ;
; EDA Netlist Writer        ; SB082-12-51305   ; Windows 7 ; 6.2        ; x86_64         ;
+---------------------------+------------------+-----------+------------+----------------+


------------
; Flow Log ;
------------
quartus_map --read_settings_files=on --write_settings_files=off arbiter -c arbiter
quartus_fit --read_settings_files=off --write_settings_files=off arbiter -c arbiter
quartus_asm --read_settings_files=off --write_settings_files=off arbiter -c arbiter
quartus_sta arbiter -c arbiter
quartus_eda --read_settings_files=off --write_settings_files=off arbiter -c arbiter



